<?xml version='1.0' encoding='UTF-8'?>
<testsuite hostname="LiveSafes-MacBook-Pro.local" name="com.livesafe.serbox.ElephantSpec" tests="1" errors="0" failures="1" time="1.595">
                     <properties>
[...]
</properties>
                     <testcase classname="com.livesafe.serbox.ElephantSpec" name="Elephant should remember" time="1.595">
                                                 <failure message="assertion failed: expected:  but got unexpected message Terminated(Actor[akka://ElephantSpec/user/elephant#377262490])" type="java.lang.AssertionError">java.lang.AssertionError: assertion failed: expected:  but got unexpected message Terminated(Actor[akka://ElephantSpec/user/elephant#377262490])
	at scala.Predef$.assert(Predef.scala:170)
	at akka.testkit.TestKitBase$class.expectMsgPF(TestKit.scala:406)
	at akka.testkit.TestKit.expectMsgPF(TestKit.scala:814)
	at com.livesafe.serbox.ElephantSpec$$anonfun$1$$anonfun$apply$mcV$sp$1.apply$mcV$sp(ElephantSpec.scala:35)
	at com.livesafe.serbox.ElephantSpec$$anonfun$1$$anonfun$apply$mcV$sp$1.apply(ElephantSpec.scala:28)
	at com.livesafe.serbox.ElephantSpec$$anonfun$1$$anonfun$apply$mcV$sp$1.apply(ElephantSpec.scala:28)
	at org.scalatest.Transformer$$anonfun$apply$1.apply$mcV$sp(Transformer.scala:22)
	at org.scalatest.OutcomeOf$class.outcomeOf(OutcomeOf.scala:85)
	at org.scalatest.OutcomeOf$.outcomeOf(OutcomeOf.scala:104)
	at org.scalatest.Transformer.apply(Transformer.scala:22)
	at org.scalatest.Transformer.apply(Transformer.scala:20)
	at org.scalatest.FreeSpecLike$$anon$1.apply(FreeSpecLike.scala:373)
	at org.scalatest.Suite$class.withFixture(Suite.scala:1122)
	at com.livesafe.serbox.ElephantSpec.withFixture(ElephantSpec.scala:15)
	at org.scalatest.FreeSpecLike$class.invokeWithFixture$1(FreeSpecLike.scala:370)
	at org.scalatest.FreeSpecLike$$anonfun$runTest$1.apply(FreeSpecLike.scala:382)
	at org.scalatest.FreeSpecLike$$anonfun$runTest$1.apply(FreeSpecLike.scala:382)
	at org.scalatest.SuperEngine.runTestImpl(Engine.scala:306)
	at org.scalatest.FreeSpecLike$class.runTest(FreeSpecLike.scala:382)
	at com.livesafe.serbox.ElephantSpec.runTest(ElephantSpec.scala:15)
	at org.scalatest.FreeSpecLike$$anonfun$runTests$1.apply(FreeSpecLike.scala:441)
	at org.scalatest.FreeSpecLike$$anonfun$runTests$1.apply(FreeSpecLike.scala:441)
	at org.scalatest.SuperEngine$$anonfun$traverseSubNodes$1$1.apply(Engine.scala:413)
	at org.scalatest.SuperEngine$$anonfun$traverseSubNodes$1$1.apply(Engine.scala:401)
	at scala.collection.immutable.List.foreach(List.scala:381)
	at org.scalatest.SuperEngine.traverseSubNodes$1(Engine.scala:401)
	at org.scalatest.SuperEngine.org$scalatest$SuperEngine$$runTestsInBranch(Engine.scala:390)
	at org.scalatest.SuperEngine$$anonfun$traverseSubNodes$1$1.apply(Engine.scala:427)
	at org.scalatest.SuperEngine$$anonfun$traverseSubNodes$1$1.apply(Engine.scala:401)
	at scala.collection.immutable.List.foreach(List.scala:381)
	at org.scalatest.SuperEngine.traverseSubNodes$1(Engine.scala:401)
	at org.scalatest.SuperEngine.org$scalatest$SuperEngine$$runTestsInBranch(Engine.scala:396)
	at org.scalatest.SuperEngine.runTestsImpl(Engine.scala:483)
	at org.scalatest.FreeSpecLike$class.runTests(FreeSpecLike.scala:441)
	at com.livesafe.serbox.ElephantSpec.runTests(ElephantSpec.scala:15)
	at org.scalatest.Suite$class.run(Suite.scala:1424)
	at com.livesafe.serbox.ElephantSpec.org$scalatest$FreeSpecLike$$super$run(ElephantSpec.scala:15)
	at org.scalatest.FreeSpecLike$$anonfun$run$1.apply(FreeSpecLike.scala:486)
	at org.scalatest.FreeSpecLike$$anonfun$run$1.apply(FreeSpecLike.scala:486)
	at org.scalatest.SuperEngine.runImpl(Engine.scala:545)
	at org.scalatest.FreeSpecLike$class.run(FreeSpecLike.scala:486)
	at com.livesafe.serbox.ElephantSpec.org$scalatest$BeforeAndAfterAll$$super$run(ElephantSpec.scala:15)
	at org.scalatest.BeforeAndAfterAll$class.liftedTree1$1(BeforeAndAfterAll.scala:257)
	at org.scalatest.BeforeAndAfterAll$class.run(BeforeAndAfterAll.scala:256)
	at com.livesafe.serbox.ElephantSpec.run(ElephantSpec.scala:15)
	at org.scalatest.tools.Framework.org$scalatest$tools$Framework$$runSuite(Framework.scala:357)
	at org.scalatest.tools.Framework$ScalaTestTask.execute(Framework.scala:502)
	at sbt.TestRunner.runTest$1(TestFramework.scala:76)
	at sbt.TestRunner.run(TestFramework.scala:85)
	at sbt.TestFramework$$anon$2$$anonfun$$init$$1$$anonfun$apply$8.apply(TestFramework.scala:202)
	at sbt.TestFramework$$anon$2$$anonfun$$init$$1$$anonfun$apply$8.apply(TestFramework.scala:202)
	at sbt.TestFramework$.sbt$TestFramework$$withContextLoader(TestFramework.scala:185)
	at sbt.TestFramework$$anon$2$$anonfun$$init$$1.apply(TestFramework.scala:202)
	at sbt.TestFramework$$anon$2$$anonfun$$init$$1.apply(TestFramework.scala:202)
	at sbt.TestFunction.apply(TestFramework.scala:207)
	at sbt.Tests$$anonfun$9.apply(Tests.scala:216)
	at sbt.Tests$$anonfun$9.apply(Tests.scala:216)
	at sbt.std.Transform$$anon$3$$anonfun$apply$2.apply(System.scala:44)
	at sbt.std.Transform$$anon$3$$anonfun$apply$2.apply(System.scala:44)
	at sbt.std.Transform$$anon$4.work(System.scala:63)
	at sbt.Execute$$anonfun$submit$1$$anonfun$apply$1.apply(Execute.scala:226)
	at sbt.Execute$$anonfun$submit$1$$anonfun$apply$1.apply(Execute.scala:226)
	at sbt.ErrorHandling$.wideConvert(ErrorHandling.scala:17)
	at sbt.Execute.work(Execute.scala:235)
	at sbt.Execute$$anonfun$submit$1.apply(Execute.scala:226)
	at sbt.Execute$$anonfun$submit$1.apply(Execute.scala:226)
	at sbt.ConcurrentRestrictions$$anon$4$$anonfun$1.apply(ConcurrentRestrictions.scala:159)
	at sbt.CompletionService$$anon$2.call(CompletionService.scala:28)
	at java.util.concurrent.FutureTask.run(FutureTask.java:266)
	at java.util.concurrent.Executors$RunnableAdapter.call(Executors.java:511)
	at java.util.concurrent.FutureTask.run(FutureTask.java:266)
	at java.util.concurrent.ThreadPoolExecutor.runWorker(ThreadPoolExecutor.java:1142)
	at java.util.concurrent.ThreadPoolExecutor$Worker.run(ThreadPoolExecutor.java:617)
	at java.lang.Thread.run(Thread.java:745)
</failure>
                                               </testcase>
                     <system-out></system-out>
                     <system-err></system-err>
                   </testsuite>