[0m[[0minfo[0m] [0m[32mElephantSpec:[0m[0m
[0m[[0minfo[0m] [0m[32mElephant[0m[0m
[0m[[0minfo[0m] [0m[31m- should remember *** FAILED ***[0m[0m
[0m[[0minfo[0m] [0m[31m  java.lang.AssertionError: assertion failed: expected:  but got unexpected message Terminated(Actor[akka://ElephantSpec/user/elephant#377262490])[0m[0m
[0m[[0minfo[0m] [0m[31m  at scala.Predef$.assert(Predef.scala:170)[0m[0m
[0m[[0minfo[0m] [0m[31m  at akka.testkit.TestKitBase$class.expectMsgPF(TestKit.scala:406)[0m[0m
[0m[[0minfo[0m] [0m[31m  at akka.testkit.TestKit.expectMsgPF(TestKit.scala:814)[0m[0m
[0m[[0minfo[0m] [0m[31m  at com.livesafe.serbox.ElephantSpec$$anonfun$1$$anonfun$apply$mcV$sp$1.apply$mcV$sp(ElephantSpec.scala:35)[0m[0m
[0m[[0minfo[0m] [0m[31m  at com.livesafe.serbox.ElephantSpec$$anonfun$1$$anonfun$apply$mcV$sp$1.apply(ElephantSpec.scala:28)[0m[0m
[0m[[0minfo[0m] [0m[31m  at com.livesafe.serbox.ElephantSpec$$anonfun$1$$anonfun$apply$mcV$sp$1.apply(ElephantSpec.scala:28)[0m[0m
[0m[[0minfo[0m] [0m[31m  at org.scalatest.Transformer$$anonfun$apply$1.apply$mcV$sp(Transformer.scala:22)[0m[0m
[0m[[0minfo[0m] [0m[31m  at org.scalatest.OutcomeOf$class.outcomeOf(OutcomeOf.scala:85)[0m[0m
[0m[[0minfo[0m] [0m[31m  at org.scalatest.OutcomeOf$.outcomeOf(OutcomeOf.scala:104)[0m[0m
[0m[[0minfo[0m] [0m[31m  at org.scalatest.Transformer.apply(Transformer.scala:22)[0m[0m
[0m[[0minfo[0m] [0m[31m  ...[0m[0m
